<?xml version="1.0" encoding="UTF-8"?>
<coverage generated="1617178381610" clover="4.3.1">
   <project name="battleship" timestamp="1617178381378">
      <metrics coveredelements="1193" complexity="356" loc="3377" methods="174" classes="37" statements="1151" packages="1" coveredconditionals="153" coveredmethods="144" elements="1611" ncloc="2076" files="37" conditionals="286" coveredstatements="896"/>
      <package name="edu.duke.xl346.battleship">
         <metrics coveredelements="1193" complexity="356" loc="3377" methods="174" classes="37" statements="1151" coveredconditionals="153" coveredmethods="144" elements="1611" ncloc="2076" files="37" conditionals="286" coveredstatements="896"/>
         <file path="/home/xiaodong/ece651-sp20-xl346-battleship/src/main/java/edu/duke/xl346/battleship/Carrier.java" name="Carrier.java">
            <metrics coveredelements="45" coveredconditionals="6" complexity="7" loc="69" coveredmethods="4" methods="4" elements="45" classes="1" ncloc="53" statements="35" conditionals="6" coveredstatements="35"/>
            <class name="Carrier">
               <metrics coveredelements="45" coveredconditionals="6" complexity="7" coveredmethods="4" methods="4" elements="45" statements="35" conditionals="6" coveredstatements="35"/>
            </class>
            <line complexity="4" visibility="package" signature="makeCoords(Coordinate,char) : HashSet&lt;Coordinate&gt;" num="7" count="5" type="method"/>
            <line num="8" count="5" type="stmt"/>
            <line num="9" count="5" type="stmt"/>
            <line num="10" count="5" type="stmt"/>
            <line num="11" count="5" type="stmt"/>
            <line falsecount="3" truecount="2" num="11" type="cond"/>
            <line num="12" count="2" type="stmt"/>
            <line num="13" count="2" type="stmt"/>
            <line num="14" count="2" type="stmt"/>
            <line num="15" count="2" type="stmt"/>
            <line num="16" count="2" type="stmt"/>
            <line num="17" count="2" type="stmt"/>
            <line num="18" count="3" type="stmt"/>
            <line falsecount="2" truecount="1" num="18" type="cond"/>
            <line num="19" count="1" type="stmt"/>
            <line num="20" count="1" type="stmt"/>
            <line num="21" count="1" type="stmt"/>
            <line num="22" count="1" type="stmt"/>
            <line num="23" count="1" type="stmt"/>
            <line num="24" count="1" type="stmt"/>
            <line num="25" count="2" type="stmt"/>
            <line falsecount="1" truecount="1" num="25" type="cond"/>
            <line num="26" count="1" type="stmt"/>
            <line num="27" count="1" type="stmt"/>
            <line num="28" count="1" type="stmt"/>
            <line num="29" count="1" type="stmt"/>
            <line num="30" count="1" type="stmt"/>
            <line num="31" count="1" type="stmt"/>
            <line num="33" count="1" type="stmt"/>
            <line num="34" count="1" type="stmt"/>
            <line num="35" count="1" type="stmt"/>
            <line num="36" count="1" type="stmt"/>
            <line num="37" count="1" type="stmt"/>
            <line num="38" count="1" type="stmt"/>
            <line num="40" count="5" type="stmt"/>
            <line complexity="1" visibility="public" signature="Carrier(String,Coordinate,char,SimpleShipDisplayInfo&lt;T&gt;,SimpleShipDisplayInfo&lt;T&gt;)" num="42" count="5" type="method"/>
            <line num="45" count="5" type="stmt"/>
            <line num="46" count="5" type="stmt"/>
            <line complexity="1" visibility="public" signature="Carrier(String,Coordinate,char,T,T)" num="48" count="5" type="method"/>
            <line num="49" count="5" type="stmt"/>
            <line complexity="1" visibility="public" signature="getName() : String" num="53" count="4" type="method"/>
            <line num="54" count="4" type="stmt"/>
         </file>
         <file path="/home/xiaodong/ece651-sp20-xl346-battleship/src/main/java/edu/duke/xl346/battleship/Placement.java" name="Placement.java">
            <metrics coveredelements="43" coveredconditionals="8" complexity="13" loc="111" coveredmethods="7" methods="7" elements="43" classes="1" ncloc="55" statements="28" conditionals="8" coveredstatements="28"/>
            <class name="Placement">
               <metrics coveredelements="43" coveredconditionals="8" complexity="13" coveredmethods="7" methods="7" elements="43" statements="28" conditionals="8" coveredstatements="28"/>
            </class>
            <line complexity="1" visibility="public" signature="Placement(Coordinate,char)" num="12" count="172" type="method"/>
            <line num="13" count="172" type="stmt"/>
            <line num="14" count="172" type="stmt"/>
            <line num="15" count="172" type="stmt"/>
            <line num="16" count="172" type="stmt"/>
            <line num="17" count="172" type="stmt"/>
            <line num="18" count="172" type="stmt"/>
            <line complexity="6" visibility="public" signature="Placement(String)" num="27" count="22" type="method"/>
            <line num="28" count="22" type="stmt"/>
            <line num="29" count="22" type="stmt"/>
            <line num="30" count="22" type="stmt"/>
            <line falsecount="19" truecount="3" num="30" type="cond"/>
            <line num="31" count="3" type="stmt"/>
            <line num="33" count="19" type="stmt"/>
            <line num="34" count="19" type="stmt"/>
            <line falsecount="18" truecount="1" num="34" type="cond"/>
            <line num="35" count="1" type="stmt"/>
            <line num="38" count="18" type="stmt"/>
            <line falsecount="17" truecount="1" num="38" type="cond"/>
            <line num="39" count="1" type="stmt"/>
            <line num="41" count="17" type="stmt"/>
            <line num="45" count="17" type="stmt"/>
            <line num="46" count="17" type="stmt"/>
            <line complexity="1" visibility="public" signature="getWhere() : Coordinate" num="53" count="60" type="method"/>
            <line num="54" count="60" type="stmt"/>
            <line complexity="1" visibility="public" signature="getOrientation() : char" num="61" count="107" type="method"/>
            <line num="62" count="107" type="stmt"/>
            <line complexity="2" visibility="public" signature="equals(Object) : boolean" num="70" count="7" type="method"/>
            <line num="72" count="7" type="stmt"/>
            <line falsecount="1" truecount="6" num="72" type="cond"/>
            <line num="73" count="6" type="stmt"/>
            <line num="74" count="6" type="stmt"/>
            <line num="76" count="1" type="stmt"/>
            <line complexity="1" visibility="public" signature="toString() : String" num="83" count="5" type="method"/>
            <line num="85" count="5" type="stmt"/>
            <line num="86" count="5" type="stmt"/>
            <line num="87" count="5" type="stmt"/>
            <line complexity="1" visibility="public" signature="hashCode() : int" num="95" count="4" type="method"/>
            <line num="97" count="4" type="stmt"/>
         </file>
         <file path="/home/xiaodong/ece651-sp20-xl346-battleship/src/main/java/edu/duke/xl346/battleship/AbstractShipFactory.java" name="AbstractShipFactory.java">
            <metrics coveredelements="0" coveredconditionals="0" complexity="0" loc="39" coveredmethods="0" methods="0" elements="0" classes="1" ncloc="7" statements="0" conditionals="0" coveredstatements="0"/>
            <class name="AbstractShipFactory">
               <metrics coveredelements="0" coveredconditionals="0" complexity="0" coveredmethods="0" methods="0" elements="0" statements="0" conditionals="0" coveredstatements="0"/>
            </class>
         </file>
         <file path="/home/xiaodong/ece651-sp20-xl346-battleship/src/main/java/edu/duke/xl346/battleship/SimpleShipDisplayInfo.java" name="SimpleShipDisplayInfo.java">
            <metrics coveredelements="9" coveredconditionals="2" complexity="3" loc="47" coveredmethods="2" methods="2" elements="9" classes="1" ncloc="16" statements="5" conditionals="2" coveredstatements="5"/>
            <class name="SimpleShipDisplayInfo">
               <metrics coveredelements="9" coveredconditionals="2" complexity="3" coveredmethods="2" methods="2" elements="9" statements="5" conditionals="2" coveredstatements="5"/>
            </class>
            <line complexity="1" visibility="public" signature="SimpleShipDisplayInfo(T,T)" num="12" count="137" type="method"/>
            <line num="13" count="137" type="stmt"/>
            <line num="14" count="137" type="stmt"/>
            <line complexity="2" visibility="public" signature="getInfo(Coordinate,boolean) : T" num="24" count="199" type="method"/>
            <line num="27" count="199" type="stmt"/>
            <line falsecount="189" truecount="10" num="27" type="cond"/>
            <line num="28" count="10" type="stmt"/>
            <line num="30" count="189" type="stmt"/>
         </file>
         <file path="/home/xiaodong/ece651-sp20-xl346-battleship/src/main/java/edu/duke/xl346/battleship/NoCollisionRuleChecker.java" name="NoCollisionRuleChecker.java">
            <metrics coveredelements="9" coveredconditionals="2" complexity="3" loc="33" coveredmethods="2" methods="2" elements="9" classes="1" ncloc="14" statements="5" conditionals="2" coveredstatements="5"/>
            <class name="NoCollisionRuleChecker">
               <metrics coveredelements="9" coveredconditionals="2" complexity="3" coveredmethods="2" methods="2" elements="9" statements="5" conditionals="2" coveredstatements="5"/>
            </class>
            <line complexity="2" visibility="protected" signature="checkMyRule(Ship&lt;T&gt;,Board&lt;T&gt;) : String" num="5" count="42" type="method"/>
            <line num="8" count="42" type="stmt"/>
            <line num="9" count="84" type="stmt"/>
            <line falsecount="78" truecount="6" num="9" type="cond"/>
            <line num="10" count="6" type="stmt"/>
            <line num="12" count="36" type="stmt"/>
            <line complexity="1" visibility="public" signature="NoCollisionRuleChecker(InBoundsRuleChecker&lt;T&gt;)" num="19" count="32" type="method"/>
            <line num="20" count="32" type="stmt"/>
         </file>
         <file path="/home/xiaodong/ece651-sp20-xl346-battleship/src/main/java/edu/duke/xl346/battleship/Coordinate.java" name="Coordinate.java">
            <metrics coveredelements="37" coveredconditionals="8" complexity="13" loc="100" coveredmethods="7" methods="7" elements="37" classes="1" ncloc="48" statements="22" conditionals="8" coveredstatements="22"/>
            <class name="Coordinate">
               <metrics coveredelements="37" coveredconditionals="8" complexity="13" coveredmethods="7" methods="7" elements="37" statements="22" conditionals="8" coveredstatements="22"/>
            </class>
            <line complexity="1" visibility="public" signature="getRow() : int" num="12" count="174" type="method"/>
            <line num="13" count="174" type="stmt"/>
            <line complexity="1" visibility="public" signature="getColumn() : int" num="21" count="174" type="method"/>
            <line num="22" count="174" type="stmt"/>
            <line complexity="1" visibility="public" signature="Coordinate(int,int)" num="31" count="812" type="method"/>
            <line num="32" count="812" type="stmt"/>
            <line num="33" count="812" type="stmt"/>
            <line complexity="6" visibility="public" signature="Coordinate(String)" num="44" count="32" type="method"/>
            <line num="45" count="32" type="stmt"/>
            <line num="46" count="32" type="stmt"/>
            <line num="47" count="32" type="stmt"/>
            <line falsecount="30" truecount="2" num="47" type="cond"/>
            <line num="48" count="2" type="stmt"/>
            <line num="50" count="30" type="stmt"/>
            <line num="51" count="30" type="stmt"/>
            <line falsecount="27" truecount="3" num="51" type="cond"/>
            <line num="52" count="3" type="stmt"/>
            <line num="54" count="27" type="stmt"/>
            <line num="55" count="27" type="stmt"/>
            <line falsecount="25" truecount="2" num="55" type="cond"/>
            <line num="56" count="2" type="stmt"/>
            <line num="58" count="25" type="stmt"/>
            <line num="59" count="25" type="stmt"/>
            <line complexity="2" visibility="public" signature="equals(Object) : boolean" num="70" count="786" type="method"/>
            <line num="72" count="786" type="stmt"/>
            <line falsecount="1" truecount="785" num="72" type="cond"/>
            <line num="73" count="785" type="stmt"/>
            <line num="74" count="785" type="stmt"/>
            <line num="76" count="1" type="stmt"/>
            <line complexity="1" visibility="public" signature="toString() : String" num="84" count="1672" type="method"/>
            <line num="87" count="1672" type="stmt"/>
            <line complexity="1" visibility="public" signature="hashCode() : int" num="96" count="1667" type="method"/>
            <line num="98" count="1667" type="stmt"/>
         </file>
         <file path="/home/xiaodong/ece651-sp20-xl346-battleship/src/main/java/edu/duke/xl346/battleship/Board.java" name="Board.java">
            <metrics coveredelements="0" coveredconditionals="0" complexity="0" loc="52" coveredmethods="0" methods="0" elements="0" classes="1" ncloc="20" statements="0" conditionals="0" coveredstatements="0"/>
            <class name="Board">
               <metrics coveredelements="0" coveredconditionals="0" complexity="0" coveredmethods="0" methods="0" elements="0" statements="0" conditionals="0" coveredstatements="0"/>
            </class>
         </file>
         <file path="/home/xiaodong/ece651-sp20-xl346-battleship/src/main/java/edu/duke/xl346/battleship/BattleShip.java" name="BattleShip.java">
            <metrics coveredelements="37" coveredconditionals="6" complexity="7" loc="52" coveredmethods="4" methods="4" elements="37" classes="1" ncloc="44" statements="27" conditionals="6" coveredstatements="27"/>
            <class name="BattleShip">
               <metrics coveredelements="37" coveredconditionals="6" complexity="7" coveredmethods="4" methods="4" elements="37" statements="27" conditionals="6" coveredstatements="27"/>
            </class>
            <line complexity="4" visibility="package" signature="makeCoords(Coordinate,char) : HashSet&lt;Coordinate&gt;" num="8" count="5" type="method"/>
            <line num="9" count="5" type="stmt"/>
            <line num="10" count="5" type="stmt"/>
            <line num="11" count="5" type="stmt"/>
            <line num="12" count="5" type="stmt"/>
            <line falsecount="4" truecount="1" num="12" type="cond"/>
            <line num="13" count="1" type="stmt"/>
            <line num="14" count="1" type="stmt"/>
            <line num="15" count="1" type="stmt"/>
            <line num="16" count="1" type="stmt"/>
            <line num="17" count="4" type="stmt"/>
            <line falsecount="2" truecount="2" num="17" type="cond"/>
            <line num="18" count="2" type="stmt"/>
            <line num="19" count="2" type="stmt"/>
            <line num="20" count="2" type="stmt"/>
            <line num="21" count="2" type="stmt"/>
            <line num="22" count="2" type="stmt"/>
            <line falsecount="1" truecount="1" num="22" type="cond"/>
            <line num="23" count="1" type="stmt"/>
            <line num="24" count="1" type="stmt"/>
            <line num="25" count="1" type="stmt"/>
            <line num="26" count="1" type="stmt"/>
            <line num="28" count="1" type="stmt"/>
            <line num="29" count="1" type="stmt"/>
            <line num="30" count="1" type="stmt"/>
            <line num="31" count="1" type="stmt"/>
            <line num="33" count="5" type="stmt"/>
            <line complexity="1" visibility="public" signature="BattleShip(String,Coordinate,char,SimpleShipDisplayInfo&lt;T&gt;,SimpleShipDisplayInfo&lt;T&gt;)" num="36" count="5" type="method"/>
            <line num="38" count="5" type="stmt"/>
            <line num="39" count="5" type="stmt"/>
            <line complexity="1" visibility="public" signature="BattleShip(String,Coordinate,char,T,T)" num="42" count="5" type="method"/>
            <line num="43" count="5" type="stmt"/>
            <line complexity="1" visibility="public" signature="getName() : String" num="47" count="4" type="method"/>
            <line num="48" count="4" type="stmt"/>
         </file>
         <file path="/home/xiaodong/ece651-sp20-xl346-battleship/src/main/java/edu/duke/xl346/battleship/V1ShipFactory.java" name="V1ShipFactory.java">
            <metrics coveredelements="20" coveredconditionals="4" complexity="7" loc="51" coveredmethods="5" methods="5" elements="20" classes="1" ncloc="29" statements="11" conditionals="4" coveredstatements="11"/>
            <class name="V1ShipFactory">
               <metrics coveredelements="20" coveredconditionals="4" complexity="7" coveredmethods="5" methods="5" elements="20" statements="11" conditionals="4" coveredstatements="11"/>
            </class>
            <line complexity="3" visibility="protected" signature="createShip(Placement,int,int,char,String) : Ship&lt;Character&gt;" num="5" count="41" type="method"/>
            <line num="6" count="41" type="stmt"/>
            <line falsecount="28" truecount="13" num="6" type="cond"/>
            <line num="7" count="13" type="stmt"/>
            <line num="8" count="13" type="stmt"/>
            <line num="9" count="13" type="stmt"/>
            <line num="10" count="28" type="stmt"/>
            <line falsecount="26" truecount="2" num="10" type="cond"/>
            <line num="11" count="2" type="stmt"/>
            <line num="13" count="39" type="stmt"/>
            <line complexity="1" visibility="public" signature="makeSubmarine(Placement) : Ship&lt;Character&gt;" num="15" count="38" type="method"/>
            <line num="18" count="38" type="stmt"/>
            <line complexity="1" visibility="public" signature="makeDestroyer(Placement) : Ship&lt;Character&gt;" num="21" count="1" type="method"/>
            <line num="24" count="1" type="stmt"/>
            <line complexity="1" visibility="public" signature="makeBattleship(Placement) : Ship&lt;Character&gt;" num="27" count="1" type="method"/>
            <line num="30" count="1" type="stmt"/>
            <line complexity="1" visibility="public" signature="makeCarrier(Placement) : Ship&lt;Character&gt;" num="33" count="1" type="method"/>
            <line num="36" count="1" type="stmt"/>
         </file>
         <file path="/home/xiaodong/ece651-sp20-xl346-battleship/src/main/java/edu/duke/xl346/battleship/ShipDisplayInfo.java" name="ShipDisplayInfo.java">
            <metrics coveredelements="0" coveredconditionals="0" complexity="0" loc="18" coveredmethods="0" methods="0" elements="0" classes="1" ncloc="4" statements="0" conditionals="0" coveredstatements="0"/>
            <class name="ShipDisplayInfo">
               <metrics coveredelements="0" coveredconditionals="0" complexity="0" coveredmethods="0" methods="0" elements="0" statements="0" conditionals="0" coveredstatements="0"/>
            </class>
         </file>
         <file path="/home/xiaodong/ece651-sp20-xl346-battleship/src/main/java/edu/duke/xl346/battleship/V2ShipFactory.java" name="V2ShipFactory.java">
            <metrics coveredelements="34" coveredconditionals="8" complexity="17" loc="67" coveredmethods="7" methods="7" elements="34" classes="1" ncloc="43" statements="19" conditionals="8" coveredstatements="19"/>
            <class name="V2ShipFactory">
               <metrics coveredelements="34" coveredconditionals="8" complexity="17" coveredmethods="7" methods="7" elements="34" statements="19" conditionals="8" coveredstatements="19"/>
            </class>
            <line complexity="3" visibility="protected" signature="createRectangleShip(Placement,int,int,char,String) : Ship&lt;Character&gt;" num="4" count="7" type="method"/>
            <line num="5" count="7" type="stmt"/>
            <line falsecount="5" truecount="2" num="5" type="cond"/>
            <line num="6" count="2" type="stmt"/>
            <line num="7" count="2" type="stmt"/>
            <line num="8" count="2" type="stmt"/>
            <line num="9" count="5" type="stmt"/>
            <line falsecount="4" truecount="1" num="9" type="cond"/>
            <line num="10" count="1" type="stmt"/>
            <line num="12" count="6" type="stmt"/>
            <line complexity="5" visibility="protected" signature="createBattleShip(Placement,char,String) : Ship&lt;Character&gt;" num="16" count="6" type="method"/>
            <line num="17" count="6" type="stmt"/>
            <line num="18" count="6" type="stmt"/>
            <line falsecount="5" truecount="1" num="18" type="cond"/>
            <line num="19" count="1" type="stmt"/>
            <line num="21" count="5" type="stmt"/>
            <line complexity="5" visibility="protected" signature="createCarrier(Placement,char,String) : Ship&lt;Character&gt;" num="24" count="6" type="method"/>
            <line num="25" count="6" type="stmt"/>
            <line num="26" count="6" type="stmt"/>
            <line falsecount="5" truecount="1" num="26" type="cond"/>
            <line num="27" count="1" type="stmt"/>
            <line num="29" count="5" type="stmt"/>
            <line complexity="1" visibility="public" signature="makeSubmarine(Placement) : Ship&lt;Character&gt;" num="32" count="4" type="method"/>
            <line num="35" count="4" type="stmt"/>
            <line complexity="1" visibility="public" signature="makeDestroyer(Placement) : Ship&lt;Character&gt;" num="38" count="3" type="method"/>
            <line num="41" count="3" type="stmt"/>
            <line complexity="1" visibility="public" signature="makeBattleship(Placement) : Ship&lt;Character&gt;" num="44" count="6" type="method"/>
            <line num="47" count="6" type="stmt"/>
            <line complexity="1" visibility="public" signature="makeCarrier(Placement) : Ship&lt;Character&gt;" num="50" count="6" type="method"/>
            <line num="53" count="6" type="stmt"/>
         </file>
         <file path="/home/xiaodong/ece651-sp20-xl346-battleship/src/main/java/edu/duke/xl346/battleship/BoardTextView.java" name="BoardTextView.java">
            <metrics coveredelements="78" coveredconditionals="16" complexity="16" loc="146" coveredmethods="7" methods="7" elements="78" classes="1" ncloc="84" statements="55" conditionals="16" coveredstatements="55"/>
            <class name="BoardTextView">
               <metrics coveredelements="78" coveredconditionals="16" complexity="16" coveredmethods="7" methods="7" elements="78" statements="55" conditionals="16" coveredstatements="55"/>
            </class>
            <line complexity="3" visibility="public" signature="BoardTextView(Board&lt;Character&gt;)" num="23" count="17" type="method"/>
            <line num="24" count="17" type="stmt"/>
            <line num="25" count="17" type="stmt"/>
            <line falsecount="15" truecount="2" num="25" type="cond"/>
            <line num="26" count="2" type="stmt"/>
            <line complexity="4" visibility="protected" signature="displayAnyBoard(Function&lt;Coordinate, Character&gt;) : String" num="36" count="18" type="method"/>
            <line num="37" count="18" type="stmt"/>
            <line num="38" count="18" type="stmt"/>
            <line num="39" count="18" type="stmt"/>
            <line num="40" count="18" type="stmt"/>
            <line num="41" count="18" type="stmt"/>
            <line num="42" count="18" type="stmt"/>
            <line falsecount="18" truecount="47" num="42" type="cond"/>
            <line num="43" count="47" type="stmt"/>
            <line num="44" count="47" type="stmt"/>
            <line num="45" count="47" type="stmt"/>
            <line falsecount="47" truecount="163" num="45" type="cond"/>
            <line num="46" count="163" type="stmt"/>
            <line num="47" count="163" type="stmt"/>
            <line falsecount="138" truecount="25" num="47" type="cond"/>
            <line num="48" count="25" type="stmt"/>
            <line num="50" count="138" type="stmt"/>
            <line num="52" count="163" type="stmt"/>
            <line num="54" count="47" type="stmt"/>
            <line num="55" count="47" type="stmt"/>
            <line num="56" count="47" type="stmt"/>
            <line num="57" count="47" type="stmt"/>
            <line num="58" count="47" type="stmt"/>
            <line num="60" count="18" type="stmt"/>
            <line num="61" count="18" type="stmt"/>
            <line complexity="1" visibility="public" signature="displayMyOwnBoard() : String" num="67" count="14" type="method"/>
            <line num="68" count="14" type="stmt"/>
            <line complexity="1" visibility="public" signature="displayEnemyBoard() : String" num="74" count="4" type="method"/>
            <line num="75" count="4" type="stmt"/>
            <line complexity="2" visibility="package" signature="makeHeader() : String" num="82" count="21" type="method"/>
            <line num="83" count="21" type="stmt"/>
            <line num="84" count="21" type="stmt"/>
            <line num="85" count="21" type="stmt"/>
            <line falsecount="21" truecount="69" num="85" type="cond"/>
            <line num="86" count="69" type="stmt"/>
            <line num="87" count="69" type="stmt"/>
            <line num="88" count="69" type="stmt"/>
            <line num="90" count="21" type="stmt"/>
            <line num="91" count="21" type="stmt"/>
            <line complexity="2" visibility="private" signature="appendNSpace(StringBuilder,int) : void" num="94" count="6" type="method"/>
            <line num="95" count="6" type="stmt"/>
            <line falsecount="6" truecount="138" num="95" type="cond"/>
            <line num="96" count="138" type="stmt"/>
            <line complexity="3" visibility="public" signature="displayMyBoardWithEnemyNextToIt(BoardTextView,String,String) : String" num="108" count="2" type="method"/>
            <line num="109" count="2" type="stmt"/>
            <line num="110" count="2" type="stmt"/>
            <line num="111" count="2" type="stmt"/>
            <line falsecount="1" truecount="1" num="111" type="cond"/>
            <line num="112" count="1" type="stmt"/>
            <line num="114" count="1" type="stmt"/>
            <line num="115" count="1" type="stmt"/>
            <line num="116" count="1" type="stmt"/>
            <line num="117" count="1" type="stmt"/>
            <line num="118" count="1" type="stmt"/>
            <line num="119" count="1" type="stmt"/>
            <line num="120" count="1" type="stmt"/>
            <line num="121" count="1" type="stmt"/>
            <line num="122" count="1" type="stmt"/>
            <line falsecount="1" truecount="4" num="122" type="cond"/>
            <line num="123" count="4" type="stmt"/>
            <line num="124" count="4" type="stmt"/>
            <line num="125" count="4" type="stmt"/>
            <line num="126" count="4" type="stmt"/>
            <line num="127" count="4" type="stmt"/>
            <line num="129" count="1" type="stmt"/>
         </file>
         <file path="/home/xiaodong/ece651-sp20-xl346-battleship/src/main/java/edu/duke/xl346/battleship/BattleShipBoard.java" name="BattleShipBoard.java">
            <metrics coveredelements="139" coveredconditionals="42" complexity="52" loc="307" coveredmethods="15" methods="20" elements="181" classes="1" ncloc="192" statements="107" conditionals="54" coveredstatements="82"/>
            <class name="BattleShipBoard">
               <metrics coveredelements="139" coveredconditionals="42" complexity="52" coveredmethods="15" methods="20" elements="181" statements="107" conditionals="54" coveredstatements="82"/>
            </class>
            <line complexity="1" visibility="public" signature="randomlyPickFrom(int,int) : int" num="16" count="1" type="method"/>
            <line num="17" count="1" type="stmt"/>
            <line complexity="1" visibility="public" signature="getWidth() : int" num="20" count="1328" type="method"/>
            <line num="21" count="1328" type="stmt"/>
            <line complexity="1" visibility="public" signature="getHeight() : int" num="24" count="248" type="method"/>
            <line num="25" count="248" type="stmt"/>
            <line complexity="3" visibility="package" signature="BattleShipBoard(int,int,PlacementRuleChecker&lt;T&gt;,T)" num="41" count="32" type="method"/>
            <line num="42" count="32" type="stmt"/>
            <line falsecount="30" truecount="2" num="42" type="cond"/>
            <line num="43" count="2" type="stmt"/>
            <line num="45" count="30" type="stmt"/>
            <line falsecount="28" truecount="2" num="45" type="cond"/>
            <line num="46" count="2" type="stmt"/>
            <line num="48" count="28" type="stmt"/>
            <line num="49" count="28" type="stmt"/>
            <line num="50" count="28" type="stmt"/>
            <line num="51" count="28" type="stmt"/>
            <line num="52" count="28" type="stmt"/>
            <line num="53" count="28" type="stmt"/>
            <line complexity="1" visibility="package" signature="BattleShipBoard(int,int,T)" num="56" count="20" type="method"/>
            <line num="57" count="20" type="stmt"/>
            <line complexity="2" visibility="public" signature="tryAddShip(Ship&lt;T&gt;) : String" num="67" count="42" type="method"/>
            <line num="68" count="42" type="stmt"/>
            <line num="69" count="42" type="stmt"/>
            <line falsecount="17" truecount="25" num="69" type="cond"/>
            <line num="70" count="25" type="stmt"/>
            <line num="72" count="42" type="stmt"/>
            <line complexity="1" visibility="public" signature="whatIsAtForSelf(Coordinate) : T" num="81" count="433" type="method"/>
            <line num="82" count="433" type="stmt"/>
            <line complexity="1" visibility="public" signature="whatIsAtForEnemy(Coordinate) : T" num="91" count="25" type="method"/>
            <line num="92" count="25" type="stmt"/>
            <line complexity="4" visibility="protected" signature="whatIsAt(Coordinate,boolean) : T" num="107" count="458" type="method"/>
            <line num="108" count="458" type="stmt"/>
            <line num="109" count="587" type="stmt"/>
            <line falsecount="463" truecount="124" num="109" type="cond"/>
            <line num="110" count="124" type="stmt"/>
            <line num="113" count="334" type="stmt"/>
            <line falsecount="333" truecount="1" num="113" type="cond"/>
            <line num="114" count="1" type="stmt"/>
            <line num="116" count="333" type="stmt"/>
            <line complexity="2" visibility="public" signature="fireAt(Coordinate) : Ship&lt;T&gt;" num="119" count="11" type="method"/>
            <line num="120" count="11" type="stmt"/>
            <line num="121" count="11" type="stmt"/>
            <line falsecount="2" truecount="9" num="121" type="cond"/>
            <line num="123" count="9" type="stmt"/>
            <line num="124" count="9" type="stmt"/>
            <line num="127" count="2" type="stmt"/>
            <line num="128" count="2" type="stmt"/>
            <line complexity="2" visibility="public" signature="ifAllSunk() : boolean" num="136" count="5" type="method"/>
            <line num="137" count="5" type="stmt"/>
            <line num="138" count="5" type="stmt"/>
            <line falsecount="2" truecount="3" num="138" type="cond"/>
            <line num="139" count="3" type="stmt"/>
            <line num="141" count="2" type="stmt"/>
            <line complexity="5" visibility="public" signature="move(Coordinate,Placement) : boolean" num="144" count="3" type="method"/>
            <line num="145" count="3" type="stmt"/>
            <line num="146" count="3" type="stmt"/>
            <line num="147" count="3" type="stmt"/>
            <line num="148" count="3" type="stmt"/>
            <line falsecount="1" truecount="2" num="148" type="cond"/>
            <line num="149" count="2" type="stmt"/>
            <line num="150" count="2" type="stmt"/>
            <line num="151" count="2" type="stmt"/>
            <line num="152" count="2" type="stmt"/>
            <line num="155" count="3" type="stmt"/>
            <line falsecount="2" truecount="1" num="155" type="cond"/>
            <line num="159" count="1" type="stmt"/>
            <line num="161" count="2" type="stmt"/>
            <line num="162" count="2" type="stmt"/>
            <line num="163" count="2" type="stmt"/>
            <line falsecount="1" truecount="1" num="163" type="cond"/>
            <line num="164" count="1" type="stmt"/>
            <line num="165" count="1" type="stmt"/>
            <line num="166" count="1" type="stmt"/>
            <line num="167" count="1" type="stmt"/>
            <line num="169" count="1" type="stmt"/>
            <line num="170" count="1" type="stmt"/>
            <line complexity="7" visibility="public" signature="sonarScanning(Coordinate,T) : int" num="173" count="4" type="method"/>
            <line num="174" count="4" type="stmt"/>
            <line num="175" count="4" type="stmt"/>
            <line num="176" count="4" type="stmt"/>
            <line num="177" count="4" type="stmt"/>
            <line falsecount="4" truecount="28" num="177" type="cond"/>
            <line num="178" count="28" type="stmt"/>
            <line falsecount="25" truecount="3" num="178" type="cond"/>
            <line num="179" count="3" type="stmt"/>
            <line num="183" count="4" type="stmt"/>
            <line falsecount="4" truecount="12" num="183" type="cond"/>
            <line num="184" count="12" type="stmt"/>
            <line falsecount="12" truecount="36" num="184" type="cond"/>
            <line num="185" count="36" type="stmt"/>
            <line falsecount="31" truecount="5" num="185" type="cond"/>
            <line num="186" count="5" type="stmt"/>
            <line num="188" count="36" type="stmt"/>
            <line falsecount="32" truecount="4" num="188" type="cond"/>
            <line num="189" count="4" type="stmt"/>
            <line num="193" count="4" type="stmt"/>
            <line complexity="4" visibility="public" signature="pickSunkShip() : Coordinate" num="197" count="0" type="method"/>
            <line num="198" count="0" type="stmt"/>
            <line num="199" count="0" type="stmt"/>
            <line num="200" count="0" type="stmt"/>
            <line falsecount="0" truecount="0" num="200" type="cond"/>
            <line num="201" count="0" type="stmt"/>
            <line falsecount="0" truecount="0" num="201" type="cond"/>
            <line num="202" count="0" type="stmt"/>
            <line num="206" count="0" type="stmt"/>
            <line complexity="3" visibility="public" signature="randomlyPickShip() : Coordinate" num="209" count="0" type="method"/>
            <line num="210" count="0" type="stmt"/>
            <line num="211" count="0" type="stmt"/>
            <line num="212" count="0" type="stmt"/>
            <line falsecount="0" truecount="0" num="212" type="cond"/>
            <line num="213" count="0" type="stmt"/>
            <line num="216" count="0" type="stmt"/>
            <line complexity="5" visibility="public" signature="getAvailablePoints(boolean) : ArrayList&lt;Coordinate&gt;" num="219" count="6" type="method"/>
            <line num="220" count="6" type="stmt"/>
            <line num="221" count="6" type="stmt"/>
            <line falsecount="6" truecount="18" num="221" type="cond"/>
            <line num="222" count="18" type="stmt"/>
            <line falsecount="18" truecount="66" num="222" type="cond"/>
            <line num="223" count="66" type="stmt"/>
            <line falsecount="66" truecount="0" num="223" type="cond"/>
            <line num="224" count="0" type="stmt"/>
            <line num="225" count="66" type="stmt"/>
            <line falsecount="6" truecount="60" num="225" type="cond"/>
            <line num="226" count="60" type="stmt"/>
            <line num="230" count="6" type="stmt"/>
            <line complexity="5" visibility="public" signature="getAvailablePlacements(boolean,char) : ArrayList&lt;Placement&gt;" num="233" count="6" type="method"/>
            <line num="234" count="6" type="stmt"/>
            <line num="235" count="6" type="stmt"/>
            <line num="236" count="6" type="stmt"/>
            <line falsecount="0" truecount="6" num="236" type="cond"/>
            <line num="237" count="6" type="stmt"/>
            <line falsecount="6" truecount="60" num="237" type="cond"/>
            <line num="238" count="60" type="stmt"/>
            <line num="239" count="60" type="stmt"/>
            <line num="242" count="0" type="stmt"/>
            <line falsecount="0" truecount="0" num="242" type="cond"/>
            <line num="243" count="0" type="stmt"/>
            <line num="244" count="0" type="stmt"/>
            <line num="245" count="0" type="stmt"/>
            <line num="246" count="0" type="stmt"/>
            <line num="249" count="6" type="stmt"/>
            <line complexity="1" visibility="public" signature="pickPlacement(ArrayList&lt;Placement&gt;) : Placement" num="251" count="0" type="method"/>
            <line num="255" count="0" type="stmt"/>
            <line num="277" count="0" type="stmt"/>
            <line complexity="2" visibility="public" signature="getNumOfSunkShips() : int" num="281" count="0" type="method"/>
            <line num="282" count="0" type="stmt"/>
            <line num="283" count="0" type="stmt"/>
            <line num="284" count="0" type="stmt"/>
            <line falsecount="0" truecount="0" num="284" type="cond"/>
            <line num="285" count="0" type="stmt"/>
            <line num="287" count="0" type="stmt"/>
            <line complexity="1" visibility="public" signature="isInRange(Coordinate) : boolean" num="290" count="0" type="method"/>
            <line num="291" count="0" type="stmt"/>
         </file>
         <file path="/home/xiaodong/ece651-sp20-xl346-battleship/src/main/java/edu/duke/xl346/battleship/PlacementRuleChecker.java" name="PlacementRuleChecker.java">
            <metrics coveredelements="13" coveredconditionals="4" complexity="4" loc="39" coveredmethods="2" methods="2" elements="13" classes="1" ncloc="18" statements="7" conditionals="4" coveredstatements="7"/>
            <class name="PlacementRuleChecker">
               <metrics coveredelements="13" coveredconditionals="4" complexity="4" coveredmethods="2" methods="2" elements="13" statements="7" conditionals="4" coveredstatements="7"/>
            </class>
            <line complexity="1" visibility="public" signature="PlacementRuleChecker(PlacementRuleChecker&lt;T&gt;)" num="6" count="63" type="method"/>
            <line num="7" count="63" type="stmt"/>
            <line complexity="3" visibility="public" signature="checkPlacement(Ship&lt;T&gt;,Board&lt;T&gt;) : String" num="12" count="81" type="method"/>
            <line num="14" count="81" type="stmt"/>
            <line num="15" count="81" type="stmt"/>
            <line falsecount="61" truecount="20" num="15" type="cond"/>
            <line num="16" count="20" type="stmt"/>
            <line num="19" count="61" type="stmt"/>
            <line falsecount="27" truecount="34" num="19" type="cond"/>
            <line num="20" count="34" type="stmt"/>
            <line num="24" count="27" type="stmt"/>
         </file>
         <file path="/home/xiaodong/ece651-sp20-xl346-battleship/src/main/java/edu/duke/xl346/battleship/RectangleShip.java" name="RectangleShip.java">
            <metrics coveredelements="21" coveredconditionals="4" complexity="7" loc="57" coveredmethods="5" methods="5" elements="21" classes="1" ncloc="32" statements="12" conditionals="4" coveredstatements="12"/>
            <class name="RectangleShip">
               <metrics coveredelements="21" coveredconditionals="4" complexity="7" coveredmethods="5" methods="5" elements="21" statements="12" conditionals="4" coveredstatements="12"/>
            </class>
            <line complexity="3" visibility="package" signature="makeCoords(Coordinate,int,int) : HashSet&lt;Coordinate&gt;" num="15" count="59" type="method"/>
            <line num="16" count="59" type="stmt"/>
            <line num="17" count="59" type="stmt"/>
            <line num="18" count="59" type="stmt"/>
            <line num="19" count="59" type="stmt"/>
            <line falsecount="59" truecount="104" num="19" type="cond"/>
            <line num="20" count="104" type="stmt"/>
            <line falsecount="104" truecount="128" num="20" type="cond"/>
            <line num="21" count="128" type="stmt"/>
            <line num="24" count="59" type="stmt"/>
            <line complexity="1" visibility="public" signature="RectangleShip(String,Coordinate,int,int,SimpleShipDisplayInfo&lt;T&gt;,SimpleShipDisplayInfo&lt;T&gt;)" num="26" count="58" type="method"/>
            <line num="29" count="58" type="stmt"/>
            <line num="30" count="58" type="stmt"/>
            <line complexity="1" visibility="public" signature="RectangleShip(String,Coordinate,int,int,T,T)" num="32" count="58" type="method"/>
            <line num="33" count="58" type="stmt"/>
            <line complexity="1" visibility="public" signature="RectangleShip(Coordinate,T,T)" num="37" count="8" type="method"/>
            <line num="38" count="8" type="stmt"/>
            <line complexity="1" visibility="public" signature="getName() : String" num="41" count="11" type="method"/>
            <line num="42" count="11" type="stmt"/>
         </file>
         <file path="/home/xiaodong/ece651-sp20-xl346-battleship/src/main/java/edu/duke/xl346/battleship/TextPlayer.java" name="TextPlayer.java">
            <metrics coveredelements="89" coveredconditionals="19" complexity="112" loc="511" coveredmethods="8" methods="24" elements="403" classes="1" ncloc="410" statements="243" conditionals="136" coveredstatements="62"/>
            <class name="TextPlayer">
               <metrics coveredelements="89" coveredconditionals="19" complexity="112" coveredmethods="8" methods="24" elements="403" statements="243" conditionals="136" coveredstatements="62"/>
            </class>
            <line complexity="3" visibility="public" signature="TextPlayer(String,Board&lt;Character&gt;,BufferedReader,PrintStream,AbstractShipFactory&lt;Character&gt;)" num="36" count="8" type="method"/>
            <line num="38" count="8" type="stmt"/>
            <line num="39" count="8" type="stmt"/>
            <line num="40" count="8" type="stmt"/>
            <line num="41" count="8" type="stmt"/>
            <line num="42" count="8" type="stmt"/>
            <line num="43" count="8" type="stmt"/>
            <line num="44" count="8" type="stmt"/>
            <line num="45" count="8" type="stmt"/>
            <line num="46" count="8" type="stmt"/>
            <line num="47" count="8" type="stmt"/>
            <line num="48" count="8" type="stmt"/>
            <line num="49" count="8" type="stmt"/>
            <line num="50" count="8" type="stmt"/>
            <line falsecount="8" truecount="94" num="50" type="cond"/>
            <line num="52" count="94" type="stmt"/>
            <line falsecount="94" truecount="854" num="52" type="cond"/>
            <line num="53" count="854" type="stmt"/>
            <line num="62" count="8" type="stmt"/>
            <line num="63" count="8" type="stmt"/>
            <line complexity="2" visibility="public" signature="readPlacement(String) : Placement" num="74" count="12" type="method"/>
            <line num="75" count="12" type="stmt"/>
            <line num="76" count="12" type="stmt"/>
            <line num="77" count="12" type="stmt"/>
            <line falsecount="11" truecount="1" num="77" type="cond"/>
            <line num="78" count="1" type="stmt"/>
            <line num="80" count="11" type="stmt"/>
            <line complexity="7" visibility="public" signature="doOnePlacement(String,Function&lt;Placement, Ship&lt;Character&gt;&gt;) : void" num="86" count="6" type="method"/>
            <line num="87" count="6" type="stmt"/>
            <line num="88" count="6" type="stmt"/>
            <line num="89" count="6" type="stmt"/>
            <line num="90" count="6" type="stmt"/>
            <line num="91" count="8" type="stmt"/>
            <line num="92" count="8" type="stmt"/>
            <line falsecount="0" truecount="8" num="92" type="cond"/>
            <line num="93" count="8" type="stmt"/>
            <line num="95" count="0" type="stmt"/>
            <line num="98" count="8" type="stmt"/>
            <line num="99" count="7" type="stmt"/>
            <line num="101" count="1" type="stmt"/>
            <line num="103" count="8" type="stmt"/>
            <line falsecount="6" truecount="2" num="103" type="cond"/>
            <line num="104" count="2" type="stmt"/>
            <line falsecount="0" truecount="2" num="104" type="cond"/>
            <line num="105" count="2" type="stmt"/>
            <line num="106" count="2" type="stmt"/>
            <line falsecount="6" truecount="2" num="109" type="cond"/>
            <line num="110" count="6" type="stmt"/>
            <line falsecount="0" truecount="6" num="110" type="cond"/>
            <line num="111" count="6" type="stmt"/>
            <line num="113" count="0" type="stmt"/>
            <line complexity="2" visibility="public" signature="doPlacementPhase() : void" num="122" count="0" type="method"/>
            <line num="123" count="0" type="stmt"/>
            <line falsecount="0" truecount="0" num="123" type="cond"/>
            <line num="124" count="0" type="stmt"/>
            <line num="125" count="0" type="stmt"/>
            <line num="133" count="0" type="stmt"/>
            <line num="135" count="0" type="stmt"/>
            <line num="136" count="0" type="stmt"/>
            <line complexity="1" visibility="protected" signature="setupShipCreationMap() : void" num="143" count="8" type="method"/>
            <line num="144" count="8" type="stmt"/>
            <line num="145" count="8" type="stmt"/>
            <line num="146" count="8" type="stmt"/>
            <line num="147" count="8" type="stmt"/>
            <line complexity="1" visibility="protected" signature="setupChipCreationList() : void" num="153" count="8" type="method"/>
            <line num="154" count="8" type="stmt"/>
            <line num="155" count="8" type="stmt"/>
            <line num="156" count="8" type="stmt"/>
            <line num="157" count="8" type="stmt"/>
            <line complexity="1" visibility="public" signature="ifHasLost() : boolean" num="163" count="2" type="method"/>
            <line num="164" count="2" type="stmt"/>
            <line complexity="6" visibility="private" signature="isInvalid(String) : boolean" num="173" count="1" type="method"/>
            <line num="174" count="1" type="stmt"/>
            <line num="175" count="1" type="stmt"/>
            <line num="176" count="1" type="stmt"/>
            <line falsecount="1" truecount="0" num="176" type="cond"/>
            <line num="177" count="0" type="stmt"/>
            <line num="179" count="1" type="stmt"/>
            <line num="180" count="1" type="stmt"/>
            <line falsecount="1" truecount="0" num="180" type="cond"/>
            <line num="181" count="0" type="stmt"/>
            <line num="183" count="1" type="stmt"/>
            <line num="184" count="1" type="stmt"/>
            <line falsecount="1" truecount="0" num="184" type="cond"/>
            <line num="185" count="0" type="stmt"/>
            <line num="187" count="1" type="stmt"/>
            <line complexity="3" visibility="protected" signature="readCoordinate(String) : Coordinate" num="197" count="2" type="method"/>
            <line num="198" count="2" type="stmt"/>
            <line num="199" count="2" type="stmt"/>
            <line num="200" count="2" type="stmt"/>
            <line num="201" count="2" type="stmt"/>
            <line num="202" count="2" type="stmt"/>
            <line falsecount="1" truecount="1" num="202" type="cond"/>
            <line num="203" count="1" type="stmt"/>
            <line falsecount="1" truecount="0" num="205" type="cond"/>
            <line num="206" count="1" type="stmt"/>
            <line complexity="4" visibility="protected" signature="readPlacementForMove(String) : Placement" num="209" count="0" type="method"/>
            <line num="210" count="0" type="stmt"/>
            <line num="211" count="0" type="stmt"/>
            <line num="212" count="0" type="stmt"/>
            <line num="213" count="0" type="stmt"/>
            <line num="214" count="0" type="stmt"/>
            <line falsecount="0" truecount="0" num="214" type="cond"/>
            <line num="215" count="0" type="stmt"/>
            <line falsecount="0" truecount="0" num="217" type="cond"/>
            <line num="218" count="0" type="stmt"/>
            <line complexity="1" visibility="private" signature="getChar(String) : Character" num="221" count="0" type="method"/>
            <line num="222" count="0" type="stmt"/>
            <line complexity="20" visibility="protected" signature="toChooseAction() : Character" num="225" count="0" type="method"/>
            <line num="226" count="0" type="stmt"/>
            <line falsecount="0" truecount="0" num="226" type="cond"/>
            <line num="227" count="0" type="stmt"/>
            <line num="228" count="0" type="stmt"/>
            <line num="229" count="0" type="stmt"/>
            <line num="230" count="0" type="stmt"/>
            <line num="231" count="0" type="stmt"/>
            <line num="232" count="0" type="stmt"/>
            <line num="233" count="0" type="stmt"/>
            <line falsecount="0" truecount="0" num="233" type="cond"/>
            <line num="234" count="0" type="stmt"/>
            <line num="235" count="0" type="stmt"/>
            <line num="237" count="0" type="stmt"/>
            <line falsecount="0" truecount="0" num="237" type="cond"/>
            <line num="238" count="0" type="stmt"/>
            <line num="240" count="0" type="stmt"/>
            <line falsecount="0" truecount="0" num="240" type="cond"/>
            <line num="241" count="0" type="stmt"/>
            <line num="243" count="0" type="stmt"/>
            <line num="245" count="0" type="stmt"/>
            <line num="246" count="0" type="stmt"/>
            <line num="247" count="0" type="stmt"/>
            <line falsecount="0" truecount="0" num="247" type="cond"/>
            <line num="249" count="0" type="stmt"/>
            <line num="251" count="0" type="stmt"/>
            <line num="255" count="0" type="stmt"/>
            <line falsecount="0" truecount="0" num="255" type="cond"/>
            <line num="256" count="0" type="stmt"/>
            <line num="257" count="0" type="stmt"/>
            <line num="258" count="0" type="stmt"/>
            <line falsecount="0" truecount="0" num="258" type="cond"/>
            <line num="259" count="0" type="stmt"/>
            <line num="260" count="0" type="stmt"/>
            <line num="262" count="0" type="stmt"/>
            <line num="265" count="0" type="stmt"/>
            <line num="266" count="0" type="stmt"/>
            <line falsecount="0" truecount="0" num="266" type="cond"/>
            <line num="267" count="0" type="stmt"/>
            <line num="268" count="0" type="stmt"/>
            <line falsecount="0" truecount="0" num="268" type="cond"/>
            <line num="269" count="0" type="stmt"/>
            <line falsecount="0" truecount="0" num="269" type="cond"/>
            <line num="270" count="0" type="stmt"/>
            <line num="272" count="0" type="stmt"/>
            <line num="273" count="0" type="stmt"/>
            <line num="276" count="0" type="stmt"/>
            <line falsecount="0" truecount="0" num="276" type="cond"/>
            <line num="277" count="0" type="stmt"/>
            <line num="279" count="0" type="stmt"/>
            <line num="280" count="0" type="stmt"/>
            <line complexity="1" visibility="protected" signature="addScores(Coordinate,int) : void" num="288" count="0" type="method"/>
            <line num="289" count="0" type="stmt"/>
            <line complexity="7" visibility="protected" signature="addSurrounding(Coordinate,int) : void" num="292" count="0" type="method"/>
            <line num="293" count="0" type="stmt"/>
            <line falsecount="0" truecount="0" num="293" type="cond"/>
            <line num="294" count="0" type="stmt"/>
            <line falsecount="0" truecount="0" num="294" type="cond"/>
            <line num="295" count="0" type="stmt"/>
            <line falsecount="0" truecount="0" num="295" type="cond"/>
            <line num="296" count="0" type="stmt"/>
            <line complexity="7" visibility="protected" signature="addSonarSurrounding(Coordinate,int) : void" num="302" count="0" type="method"/>
            <line num="303" count="0" type="stmt"/>
            <line num="304" count="0" type="stmt"/>
            <line falsecount="0" truecount="0" num="304" type="cond"/>
            <line num="305" count="0" type="stmt"/>
            <line falsecount="0" truecount="0" num="305" type="cond"/>
            <line num="306" count="0" type="stmt"/>
            <line num="309" count="0" type="stmt"/>
            <line falsecount="0" truecount="0" num="309" type="cond"/>
            <line num="310" count="0" type="stmt"/>
            <line falsecount="0" truecount="0" num="310" type="cond"/>
            <line num="311" count="0" type="stmt"/>
            <line falsecount="0" truecount="0" num="311" type="cond"/>
            <line num="312" count="0" type="stmt"/>
            <line num="314" count="0" type="stmt"/>
            <line falsecount="0" truecount="0" num="314" type="cond"/>
            <line num="315" count="0" type="stmt"/>
            <line complexity="6" visibility="protected" signature="getPointWithLargestScore() : Coordinate" num="321" count="0" type="method"/>
            <line num="322" count="0" type="stmt"/>
            <line num="323" count="0" type="stmt"/>
            <line num="324" count="0" type="stmt"/>
            <line falsecount="0" truecount="0" num="324" type="cond"/>
            <line num="325" count="0" type="stmt"/>
            <line falsecount="0" truecount="0" num="325" type="cond"/>
            <line num="326" count="0" type="stmt"/>
            <line falsecount="0" truecount="0" num="326" type="cond"/>
            <line num="327" count="0" type="stmt"/>
            <line num="328" count="0" type="stmt"/>
            <line num="329" count="0" type="stmt"/>
            <line falsecount="0" truecount="0" num="329" type="cond"/>
            <line num="330" count="0" type="stmt"/>
            <line num="334" count="0" type="stmt"/>
            <line complexity="5" visibility="protected" signature="pickPoint(char) : Coordinate" num="337" count="0" type="method"/>
            <line num="338" count="0" type="stmt"/>
            <line num="339" count="0" type="stmt"/>
            <line falsecount="0" truecount="0" num="339" type="cond"/>
            <line num="340" count="0" type="stmt"/>
            <line num="341" count="0" type="stmt"/>
            <line falsecount="0" truecount="0" num="341" type="cond"/>
            <line num="342" count="0" type="stmt"/>
            <line num="343" count="0" type="stmt"/>
            <line falsecount="0" truecount="0" num="343" type="cond"/>
            <line num="344" count="0" type="stmt"/>
            <line num="346" count="0" type="stmt"/>
            <line num="348" count="0" type="stmt"/>
            <line complexity="5" visibility="protected" signature="firing(Board&lt;Character&gt;) : void" num="352" count="0" type="method"/>
            <line num="353" count="0" type="stmt"/>
            <line num="354" count="0" type="stmt"/>
            <line falsecount="0" truecount="0" num="354" type="cond"/>
            <line num="356" count="0" type="stmt"/>
            <line num="358" count="0" type="stmt"/>
            <line num="362" count="0" type="stmt"/>
            <line num="364" count="0" type="stmt"/>
            <line falsecount="0" truecount="0" num="364" type="cond"/>
            <line num="365" count="0" type="stmt"/>
            <line falsecount="0" truecount="0" num="365" type="cond"/>
            <line num="366" count="0" type="stmt"/>
            <line num="368" count="0" type="stmt"/>
            <line num="372" count="0" type="stmt"/>
            <line falsecount="0" truecount="0" num="372" type="cond"/>
            <line num="373" count="0" type="stmt"/>
            <line num="375" count="0" type="stmt"/>
            <line num="380" count="0" type="stmt"/>
            <line complexity="2" visibility="protected" signature="sonarScanning(Board&lt;Character&gt;) : void" num="383" count="0" type="method"/>
            <line num="384" count="0" type="stmt"/>
            <line num="385" count="0" type="stmt"/>
            <line falsecount="0" truecount="0" num="385" type="cond"/>
            <line num="386" count="0" type="stmt"/>
            <line num="388" count="0" type="stmt"/>
            <line num="390" count="0" type="stmt"/>
            <line complexity="5" visibility="protected" signature="moving() : void" num="393" count="0" type="method"/>
            <line num="394" count="0" type="stmt"/>
            <line num="395" count="0" type="stmt"/>
            <line num="396" count="0" type="stmt"/>
            <line falsecount="0" truecount="0" num="396" type="cond"/>
            <line num="397" count="0" type="stmt"/>
            <line num="398" count="0" type="stmt"/>
            <line num="399" count="0" type="stmt"/>
            <line falsecount="0" truecount="0" num="400" type="cond"/>
            <line num="402" count="0" type="stmt"/>
            <line num="403" count="0" type="stmt"/>
            <line num="404" count="0" type="stmt"/>
            <line num="405" count="0" type="stmt"/>
            <line num="406" count="0" type="stmt"/>
            <line falsecount="0" truecount="0" num="406" type="cond"/>
            <line num="407" count="0" type="stmt"/>
            <line num="408" count="0" type="stmt"/>
            <line num="409" count="0" type="stmt"/>
            <line num="411" count="0" type="stmt"/>
            <line falsecount="0" truecount="0" num="413" type="cond"/>
            <line complexity="4" visibility="protected" signature="askIfChangeToAI(String) : void" num="417" count="0" type="method"/>
            <line num="418" count="0" type="stmt"/>
            <line num="419" count="0" type="stmt"/>
            <line num="420" count="0" type="stmt"/>
            <line num="421" count="0" type="stmt"/>
            <line falsecount="0" truecount="0" num="422" type="cond"/>
            <line num="423" count="0" type="stmt"/>
            <line falsecount="0" truecount="0" num="423" type="cond"/>
            <line num="424" count="0" type="stmt"/>
            <line num="426" count="0" type="stmt"/>
            <line complexity="8" visibility="public" signature="playOneTurn(Board&lt;Character&gt;,BoardTextView,String) : void" num="430" count="0" type="method"/>
            <line num="432" count="0" type="stmt"/>
            <line falsecount="0" truecount="0" num="432" type="cond"/>
            <line num="433" count="0" type="stmt"/>
            <line num="435" count="0" type="stmt"/>
            <line falsecount="0" truecount="0" num="435" type="cond"/>
            <line num="436" count="0" type="stmt"/>
            <line num="438" count="0" type="stmt"/>
            <line num="439" count="0" type="stmt"/>
            <line falsecount="0" truecount="0" num="439" type="cond"/>
            <line num="440" count="0" type="stmt"/>
            <line num="442" count="0" type="stmt"/>
            <line falsecount="0" truecount="0" num="442" type="cond"/>
            <line num="443" count="0" type="stmt"/>
            <line num="445" count="0" type="stmt"/>
            <line falsecount="0" truecount="0" num="445" type="cond"/>
            <line num="446" count="0" type="stmt"/>
            <line num="448" count="0" type="stmt"/>
            <line num="454" count="0" type="stmt"/>
            <line falsecount="0" truecount="0" num="454" type="cond"/>
            <line num="455" count="0" type="stmt"/>
            <line num="456" count="0" type="stmt"/>
            <line complexity="6" visibility="public" signature="sonarScanning2(Coordinate) : void" num="461" count="0" type="method"/>
            <line num="462" count="0" type="stmt"/>
            <line num="463" count="0" type="stmt"/>
            <line num="464" count="0" type="stmt"/>
            <line num="465" count="0" type="stmt"/>
            <line num="466" count="0" type="stmt"/>
            <line num="467" count="0" type="stmt"/>
            <line falsecount="0" truecount="0" num="467" type="cond"/>
            <line num="468" count="0" type="stmt"/>
            <line num="470" count="0" type="stmt"/>
            <line num="471" count="0" type="stmt"/>
            <line num="472" count="0" type="stmt"/>
            <line num="473" count="0" type="stmt"/>
            <line num="474" count="0" type="stmt"/>
            <line falsecount="0" truecount="0" num="474" type="cond"/>
            <line num="475" count="0" type="stmt"/>
            <line num="476" count="0" type="stmt"/>
            <line falsecount="0" truecount="0" num="476" type="cond"/>
            <line num="477" count="0" type="stmt"/>
            <line num="478" count="0" type="stmt"/>
            <line falsecount="0" truecount="0" num="478" type="cond"/>
            <line num="479" count="0" type="stmt"/>
            <line num="480" count="0" type="stmt"/>
            <line falsecount="0" truecount="0" num="480" type="cond"/>
            <line num="481" count="0" type="stmt"/>
            <line num="482" count="0" type="stmt"/>
            <line num="489" count="0" type="stmt"/>
            <line complexity="5" visibility="public" signature="selectMode() : void" num="492" count="0" type="method"/>
            <line num="493" count="0" type="stmt"/>
            <line num="494" count="0" type="stmt"/>
            <line num="495" count="0" type="stmt"/>
            <line num="496" count="0" type="stmt"/>
            <line num="497" count="0" type="stmt"/>
            <line num="498" count="0" type="stmt"/>
            <line falsecount="0" truecount="0" num="498" type="cond"/>
            <line num="499" count="0" type="stmt"/>
            <line num="501" count="0" type="stmt"/>
            <line falsecount="0" truecount="0" num="502" type="cond"/>
            <line num="503" count="0" type="stmt"/>
            <line falsecount="0" truecount="0" num="503" type="cond"/>
            <line num="504" count="0" type="stmt"/>
            <line num="505" count="0" type="stmt"/>
            <line num="507" count="0" type="stmt"/>
            <line num="508" count="0" type="stmt"/>
         </file>
         <file path="/home/xiaodong/ece651-sp20-xl346-battleship/src/main/java/edu/duke/xl346/battleship/BasicShip.java" name="BasicShip.java">
            <metrics coveredelements="49" coveredconditionals="6" complexity="13" loc="118" coveredmethods="10" methods="10" elements="49" classes="1" ncloc="73" statements="33" conditionals="6" coveredstatements="33"/>
            <class name="BasicShip">
               <metrics coveredelements="49" coveredconditionals="6" complexity="13" coveredmethods="10" methods="10" elements="49" statements="33" conditionals="6" coveredstatements="33"/>
            </class>
            <line complexity="1" visibility="public" signature="BasicShip(Coordinate,Iterable&lt;Coordinate&gt;,ShipDisplayInfo&lt;T&gt;,ShipDisplayInfo&lt;T&gt;)" num="17" count="68" type="method"/>
            <line num="18" count="68" type="stmt"/>
            <line num="19" count="68" type="stmt"/>
            <line num="20" count="68" type="stmt"/>
            <line num="21" count="175" type="stmt"/>
            <line num="23" count="68" type="stmt"/>
            <line num="24" count="68" type="stmt"/>
            <line complexity="2" visibility="protected" signature="checkCoordinateInThisShip(Coordinate) : void" num="31" count="413" type="method"/>
            <line num="32" count="413" type="stmt"/>
            <line falsecount="410" truecount="3" num="32" type="cond"/>
            <line num="33" count="3" type="stmt"/>
            <line complexity="1" visibility="public" signature="occupiesCoordinates(Coordinate) : boolean" num="44" count="608" type="method"/>
            <line num="47" count="608" type="stmt"/>
            <line complexity="2" visibility="public" signature="isSunk() : boolean" num="50" count="11" type="method"/>
            <line num="53" count="11" type="stmt"/>
            <line num="54" count="17" type="stmt"/>
            <line falsecount="10" truecount="7" num="54" type="cond"/>
            <line num="55" count="7" type="stmt"/>
            <line num="57" count="4" type="stmt"/>
            <line complexity="1" visibility="public" signature="recordHitAt(Coordinate) : void" num="60" count="15" type="method"/>
            <line num="63" count="15" type="stmt"/>
            <line num="64" count="14" type="stmt"/>
            <line complexity="1" visibility="public" signature="wasHitAt(Coordinate) : boolean" num="67" count="200" type="method"/>
            <line num="70" count="200" type="stmt"/>
            <line num="71" count="199" type="stmt"/>
            <line complexity="2" visibility="public" signature="getDisplayInfoAt(Coordinate,boolean) : T" num="74" count="198" type="method"/>
            <line num="77" count="198" type="stmt"/>
            <line num="78" count="197" type="stmt"/>
            <line num="78" count="187" type="stmt"/>
            <line falsecount="10" truecount="187" num="78" type="cond"/>
            <line num="79" count="10" type="stmt"/>
            <line complexity="1" visibility="public" signature="getCoordinates() : Iterable&lt;Coordinate&gt;" num="82" count="82" type="method"/>
            <line num="84" count="82" type="stmt"/>
            <line complexity="1" visibility="public" signature="getUpperLeft() : Coordinate" num="87" count="5" type="method"/>
            <line num="89" count="5" type="stmt"/>
            <line complexity="1" visibility="public" signature="moveTo(Placement) : void" num="91" count="4" type="method"/>
            <line num="93" count="4" type="stmt"/>
            <line num="94" count="4" type="stmt"/>
            <line num="95" count="4" type="stmt"/>
            <line num="96" count="4" type="stmt"/>
            <line num="97" count="4" type="stmt"/>
            <line num="98" count="10" type="stmt"/>
            <line num="99" count="10" type="stmt"/>
            <line num="100" count="10" type="stmt"/>
            <line num="102" count="4" type="stmt"/>
            <line num="103" count="4" type="stmt"/>
         </file>
         <file path="/home/xiaodong/ece651-sp20-xl346-battleship/src/main/java/edu/duke/xl346/battleship/App.java" name="App.java">
            <metrics coveredelements="0" coveredconditionals="0" complexity="7" loc="80" coveredmethods="0" methods="5" elements="34" classes="1" ncloc="48" statements="25" conditionals="4" coveredstatements="0"/>
            <class name="App">
               <metrics coveredelements="0" coveredconditionals="0" complexity="7" coveredmethods="0" methods="5" elements="34" statements="25" conditionals="4" coveredstatements="0"/>
            </class>
            <line complexity="1" visibility="public" signature="App(TextPlayer,TextPlayer)" num="16" count="0" type="method"/>
            <line num="17" count="0" type="stmt"/>
            <line num="18" count="0" type="stmt"/>
            <line complexity="1" visibility="public" signature="doPlacementPhase() : void" num="23" count="0" type="method"/>
            <line num="24" count="0" type="stmt"/>
            <line num="25" count="0" type="stmt"/>
            <line complexity="3" visibility="public" signature="doAttackingPhase() : void" num="31" count="0" type="method"/>
            <line num="32" count="0" type="stmt"/>
            <line num="33" count="0" type="stmt"/>
            <line num="34" count="0" type="stmt"/>
            <line falsecount="0" truecount="0" num="34" type="cond"/>
            <line num="35" count="0" type="stmt"/>
            <line num="36" count="0" type="stmt"/>
            <line num="38" count="0" type="stmt"/>
            <line num="39" count="0" type="stmt"/>
            <line falsecount="0" truecount="0" num="39" type="cond"/>
            <line num="40" count="0" type="stmt"/>
            <line num="41" count="0" type="stmt"/>
            <line complexity="1" visibility="public" signature="selectMode() : void" num="50" count="0" type="method"/>
            <line num="51" count="0" type="stmt"/>
            <line num="52" count="0" type="stmt"/>
            <line complexity="1" visibility="public" signature="main(String[]) : void" num="54" count="0" type="method"/>
            <line num="55" count="0" type="stmt"/>
            <line num="56" count="0" type="stmt"/>
            <line num="57" count="0" type="stmt"/>
            <line num="58" count="0" type="stmt"/>
            <line num="59" count="0" type="stmt"/>
            <line num="60" count="0" type="stmt"/>
            <line num="61" count="0" type="stmt"/>
            <line num="62" count="0" type="stmt"/>
            <line num="63" count="0" type="stmt"/>
            <line num="64" count="0" type="stmt"/>
         </file>
         <file path="/home/xiaodong/ece651-sp20-xl346-battleship/src/main/java/edu/duke/xl346/battleship/InBoundsRuleChecker.java" name="InBoundsRuleChecker.java">
            <metrics coveredelements="25" coveredconditionals="8" complexity="6" loc="44" coveredmethods="2" methods="2" elements="25" classes="1" ncloc="28" statements="15" conditionals="8" coveredstatements="15"/>
            <class name="InBoundsRuleChecker">
               <metrics coveredelements="25" coveredconditionals="8" complexity="6" coveredmethods="2" methods="2" elements="25" statements="15" conditionals="8" coveredstatements="15"/>
            </class>
            <line complexity="5" visibility="protected" signature="checkMyRule(Ship&lt;T&gt;,Board&lt;T&gt;) : String" num="5" count="39" type="method"/>
            <line num="8" count="39" type="stmt"/>
            <line num="9" count="39" type="stmt"/>
            <line num="10" count="39" type="stmt"/>
            <line num="11" count="78" type="stmt"/>
            <line num="12" count="78" type="stmt"/>
            <line num="13" count="78" type="stmt"/>
            <line falsecount="75" truecount="3" num="13" type="cond"/>
            <line num="14" count="3" type="stmt"/>
            <line num="16" count="75" type="stmt"/>
            <line falsecount="71" truecount="4" num="16" type="cond"/>
            <line num="17" count="4" type="stmt"/>
            <line num="19" count="71" type="stmt"/>
            <line falsecount="68" truecount="3" num="19" type="cond"/>
            <line num="20" count="3" type="stmt"/>
            <line num="22" count="68" type="stmt"/>
            <line falsecount="64" truecount="4" num="22" type="cond"/>
            <line num="23" count="4" type="stmt"/>
            <line num="26" count="25" type="stmt"/>
            <line complexity="1" visibility="public" signature="InBoundsRuleChecker(PlacementRuleChecker&lt;T&gt;)" num="29" count="63" type="method"/>
            <line num="30" count="63" type="stmt"/>
         </file>
         <file path="/home/xiaodong/ece651-sp20-xl346-battleship/src/main/java/edu/duke/xl346/battleship/Ship.java" name="Ship.java">
            <metrics coveredelements="0" coveredconditionals="0" complexity="0" loc="75" coveredmethods="0" methods="0" elements="0" classes="1" ncloc="12" statements="0" conditionals="0" coveredstatements="0"/>
            <class name="Ship">
               <metrics coveredelements="0" coveredconditionals="0" complexity="0" coveredmethods="0" methods="0" elements="0" statements="0" conditionals="0" coveredstatements="0"/>
            </class>
         </file>
         <file path="/home/xiaodong/ece651-sp20-xl346-battleship/src/test/java/edu/duke/xl346/battleship/V2ShipFactoryTest.java" name="V2ShipFactoryTest.java">
            <metrics coveredelements="40" coveredconditionals="0" complexity="2" loc="71" coveredmethods="2" methods="2" elements="40" classes="1" ncloc="58" statements="38" conditionals="0" coveredstatements="38"/>
            <class name="V2ShipFactoryTest">
               <metrics coveredelements="40" coveredconditionals="0" complexity="2" coveredmethods="2" methods="2" elements="40" statements="38" conditionals="0" coveredstatements="38"/>
            </class>
            <line complexity="1" visibility="private" signature="checkShip(Ship&lt;Character&gt;,String,char,Coordinate) : void" num="8" count="12" type="method"/>
            <line num="11" count="12" type="stmt"/>
            <line num="12" count="12" type="stmt"/>
            <line num="13" count="50" type="stmt"/>
            <line complexity="1" visibility="public" signature="test_makeShip() : void" num="17" count="1" type="method"/>
            <line num="19" count="1" type="stmt"/>
            <line num="20" count="1" type="stmt"/>
            <line num="21" count="1" type="stmt"/>
            <line num="22" count="1" type="stmt"/>
            <line num="23" count="1" type="stmt"/>
            <line num="24" count="1" type="stmt"/>
            <line num="25" count="1" type="stmt"/>
            <line num="26" count="1" type="stmt"/>
            <line num="27" count="1" type="stmt"/>
            <line num="28" count="1" type="stmt"/>
            <line num="29" count="1" type="stmt"/>
            <line num="30" count="1" type="stmt"/>
            <line num="31" count="1" type="stmt"/>
            <line num="32" count="1" type="stmt"/>
            <line num="33" count="1" type="stmt"/>
            <line num="34" count="1" type="stmt"/>
            <line num="35" count="1" type="stmt"/>
            <line num="36" count="1" type="stmt"/>
            <line num="37" count="1" type="stmt"/>
            <line num="38" count="1" type="stmt"/>
            <line num="39" count="1" type="stmt"/>
            <line num="40" count="1" type="stmt"/>
            <line num="41" count="1" type="stmt"/>
            <line num="42" count="1" type="stmt"/>
            <line num="44" count="1" type="stmt"/>
            <line num="46" count="1" type="stmt"/>
            <line num="48" count="1" type="stmt"/>
            <line num="50" count="1" type="stmt"/>
            <line num="52" count="1" type="stmt"/>
            <line num="54" count="1" type="stmt"/>
            <line num="56" count="1" type="stmt"/>
            <line num="59" count="1" type="stmt"/>
            <line num="60" count="1" type="stmt"/>
            <line num="61" count="1" type="stmt"/>
            <line num="62" count="1" type="stmt"/>
         </file>
         <file path="/home/xiaodong/ece651-sp20-xl346-battleship/src/test/java/edu/duke/xl346/battleship/BoardTest.java" name="BoardTest.java">
            <metrics coveredelements="1" coveredconditionals="0" complexity="1" loc="13" coveredmethods="1" methods="1" elements="1" classes="1" ncloc="8" statements="0" conditionals="0" coveredstatements="0"/>
            <class name="BoardTest">
               <metrics coveredelements="1" coveredconditionals="0" complexity="1" coveredmethods="1" methods="1" elements="1" statements="0" conditionals="0" coveredstatements="0"/>
            </class>
            <line complexity="1" visibility="public" signature="test_() : void" num="8" count="1" type="method"/>
         </file>
         <file path="/home/xiaodong/ece651-sp20-xl346-battleship/src/test/java/edu/duke/xl346/battleship/BattleShipBoardTest.java" name="BattleShipBoardTest.java">
            <metrics coveredelements="141" coveredconditionals="6" complexity="18" loc="203" coveredmethods="12" methods="12" elements="141" classes="1" ncloc="166" statements="123" conditionals="6" coveredstatements="123"/>
            <class name="BattleShipBoardTest">
               <metrics coveredelements="141" coveredconditionals="6" complexity="18" coveredmethods="12" methods="12" elements="141" statements="123" conditionals="6" coveredstatements="123"/>
            </class>
            <line complexity="1" visibility="private" signature="getSubmarine(Coordinate,char) : Ship&lt;Character&gt;" num="8" count="3" type="method"/>
            <line num="9" count="3" type="stmt"/>
            <line num="10" count="3" type="stmt"/>
            <line num="11" count="3" type="stmt"/>
            <line complexity="1" visibility="private" signature="getBoard() : Board&lt;Character&gt;" num="14" count="4" type="method"/>
            <line num="15" count="4" type="stmt"/>
            <line num="17" count="4" type="stmt"/>
            <line complexity="1" visibility="public" signature="test_randomlyPickFrom() : void" num="20" count="1" type="method"/>
            <line num="22" count="1" type="stmt"/>
            <line num="23" count="1" type="stmt"/>
            <line complexity="1" visibility="public" signature="test_width_and_height() : void" num="26" count="1" type="method"/>
            <line num="28" count="1" type="stmt"/>
            <line num="29" count="1" type="stmt"/>
            <line num="30" count="1" type="stmt"/>
            <line complexity="1" visibility="public" signature="test_invalid_dimensions() : void" num="33" count="1" type="method"/>
            <line num="35" count="1" type="stmt"/>
            <line num="36" count="1" type="stmt"/>
            <line num="37" count="1" type="stmt"/>
            <line num="38" count="1" type="stmt"/>
            <line complexity="7" visibility="private" signature="checkWhatIsAtBoard(Board&lt;T&gt;,T[][]) : void" num="41" count="5" type="method"/>
            <line num="42" count="5" type="stmt"/>
            <line falsecount="2" truecount="3" num="42" type="cond"/>
            <line num="44" count="3" type="stmt"/>
            <line num="45" count="2" type="stmt"/>
            <line falsecount="2" truecount="4" num="45" type="cond"/>
            <line num="46" count="4" type="stmt"/>
            <line falsecount="4" truecount="8" num="46" type="cond"/>
            <line num="47" count="8" type="stmt"/>
            <line complexity="1" visibility="public" signature="test_myShips() : void" num="52" count="1" type="method"/>
            <line num="54" count="1" type="stmt"/>
            <line num="55" count="1" type="stmt"/>
            <line num="56" count="1" type="stmt"/>
            <line num="57" count="1" type="stmt"/>
            <line num="58" count="1" type="stmt"/>
            <line num="59" count="1" type="stmt"/>
            <line num="60" count="1" type="stmt"/>
            <line num="62" count="1" type="stmt"/>
            <line num="63" count="1" type="stmt"/>
            <line num="64" count="1" type="stmt"/>
            <line num="65" count="1" type="stmt"/>
            <line num="66" count="1" type="stmt"/>
            <line num="67" count="1" type="stmt"/>
            <line num="68" count="1" type="stmt"/>
            <line num="69" count="1" type="stmt"/>
            <line num="70" count="1" type="stmt"/>
            <line num="71" count="1" type="stmt"/>
[...]
            <line complexity="1" visibility="public" signature="test_string_constructor_error_cases() : void" num="56" count="1" type="method"/>
            <line num="58" count="1" type="stmt"/>
            <line num="59" count="1" type="stmt"/>
            <line num="60" count="1" type="stmt"/>
            <line num="61" count="1" type="stmt"/>
            <line num="62" count="1" type="stmt"/>
            <line num="63" count="1" type="stmt"/>
            <line num="64" count="1" type="stmt"/>
         </file>
         <file path="/home/xiaodong/ece651-sp20-xl346-battleship/src/test/java/edu/duke/xl346/battleship/SimpleShipDisplayInfoTest.java" name="SimpleShipDisplayInfoTest.java">
            <metrics coveredelements="4" coveredconditionals="0" complexity="1" loc="26" coveredmethods="1" methods="1" elements="4" classes="1" ncloc="11" statements="3" conditionals="0" coveredstatements="3"/>
            <class name="SimpleShipDisplayInfoTest">
               <metrics coveredelements="4" coveredconditionals="0" complexity="1" coveredmethods="1" methods="1" elements="4" statements="3" conditionals="0" coveredstatements="3"/>
            </class>
            <line complexity="1" visibility="public" signature="test_constructor_and_getInfo() : void" num="8" count="1" type="method"/>
            <line num="10" count="1" type="stmt"/>
            <line num="11" count="1" type="stmt"/>
            <line num="12" count="1" type="stmt"/>
         </file>
         <file path="/home/xiaodong/ece651-sp20-xl346-battleship/src/test/java/edu/duke/xl346/battleship/BasicShipTest.java" name="BasicShipTest.java">
            <metrics coveredelements="45" coveredconditionals="0" complexity="6" loc="95" coveredmethods="6" methods="6" elements="45" classes="1" ncloc="63" statements="39" conditionals="0" coveredstatements="39"/>
            <class name="BasicShipTest">
               <metrics coveredelements="45" coveredconditionals="0" complexity="6" coveredmethods="6" methods="6" elements="45" statements="39" conditionals="0" coveredstatements="39"/>
            </class>
            <line complexity="1" visibility="public" signature="test_Constructors() : void" num="12" count="1" type="method"/>
            <line num="14" count="1" type="stmt"/>
            <line num="15" count="1" type="stmt"/>
            <line num="16" count="1" type="stmt"/>
            <line complexity="1" visibility="public" signature="test_recordHitAt_and_wasHitAt_and_getDisplayInfoAt() : void" num="32" count="1" type="method"/>
            <line num="34" count="1" type="stmt"/>
            <line num="35" count="1" type="stmt"/>
            <line num="36" count="1" type="stmt"/>
            <line num="37" count="1" type="stmt"/>
            <line num="38" count="1" type="stmt"/>
            <line num="39" count="1" type="stmt"/>
            <line num="40" count="1" type="stmt"/>
            <line num="41" count="1" type="stmt"/>
            <line num="42" count="1" type="stmt"/>
            <line num="43" count="1" type="stmt"/>
            <line num="44" count="1" type="stmt"/>
            <line num="45" count="1" type="stmt"/>
            <line num="46" count="1" type="stmt"/>
            <line complexity="1" visibility="public" signature="test_isSunk() : void" num="48" count="1" type="method"/>
            <line num="50" count="1" type="stmt"/>
            <line num="51" count="1" type="stmt"/>
            <line num="52" count="1" type="stmt"/>
            <line num="53" count="1" type="stmt"/>
            <line num="54" count="1" type="stmt"/>
            <line num="55" count="1" type="stmt"/>
            <line num="56" count="1" type="stmt"/>
            <line num="57" count="1" type="stmt"/>
            <line num="58" count="1" type="stmt"/>
            <line complexity="1" visibility="public" signature="test_getCoordinates() : void" num="61" count="1" type="method"/>
            <line num="63" count="1" type="stmt"/>
            <line complexity="1" visibility="package" signature="&lt;init&gt;, line 64()" num="64" count="1" type="method"/>
            <line num="64" count="1" type="stmt"/>
            <line num="65" count="1" type="stmt"/>
            <line num="66" count="1" type="stmt"/>
            <line num="67" count="1" type="stmt"/>
            <line num="68" count="1" type="stmt"/>
            <line num="70" count="1" type="stmt"/>
            <line complexity="1" visibility="public" signature="test_moveTo() : void" num="73" count="1" type="method"/>
            <line num="75" count="1" type="stmt"/>
            <line num="76" count="1" type="stmt"/>
            <line num="77" count="1" type="stmt"/>
            <line num="78" count="1" type="stmt"/>
            <line num="79" count="1" type="stmt"/>
            <line num="80" count="1" type="stmt"/>
            <line num="81" count="1" type="stmt"/>
         </file>
         <file path="/home/xiaodong/ece651-sp20-xl346-battleship/src/test/java/edu/duke/xl346/battleship/NoCollisionRuleCheckerTest.java" name="NoCollisionRuleCheckerTest.java">
            <metrics coveredelements="47" coveredconditionals="0" complexity="2" loc="70" coveredmethods="2" methods="2" elements="47" classes="1" ncloc="57" statements="45" conditionals="0" coveredstatements="45"/>
            <class name="NoCollisionRuleCheckerTest">
               <metrics coveredelements="47" coveredconditionals="0" complexity="2" coveredmethods="2" methods="2" elements="47" statements="45" conditionals="0" coveredstatements="45"/>
            </class>
            <line complexity="1" visibility="public" signature="test_checkMyRule() : void" num="8" count="1" type="method"/>
            <line num="10" count="1" type="stmt"/>
            <line num="11" count="1" type="stmt"/>
            <line num="12" count="1" type="stmt"/>
            <line num="13" count="1" type="stmt"/>
            <line num="14" count="1" type="stmt"/>
            <line num="15" count="1" type="stmt"/>
            <line num="16" count="1" type="stmt"/>
            <line num="17" count="1" type="stmt"/>
            <line num="18" count="1" type="stmt"/>
            <line num="19" count="1" type="stmt"/>
            <line num="20" count="1" type="stmt"/>
            <line num="21" count="1" type="stmt"/>
            <line num="22" count="1" type="stmt"/>
            <line num="23" count="1" type="stmt"/>
            <line complexity="1" visibility="public" signature="test_combine_checkers() : void" num="26" count="1" type="method"/>
            <line num="28" count="1" type="stmt"/>
            <line num="31" count="1" type="stmt"/>
            <line num="32" count="1" type="stmt"/>
            <line num="33" count="1" type="stmt"/>
            <line num="35" count="1" type="stmt"/>
            <line num="36" count="1" type="stmt"/>
            <line num="37" count="1" type="stmt"/>
            <line num="39" count="1" type="stmt"/>
            <line num="40" count="1" type="stmt"/>
            <line num="41" count="1" type="stmt"/>
            <line num="43" count="1" type="stmt"/>
            <line num="44" count="1" type="stmt"/>
            <line num="45" count="1" type="stmt"/>
            <line num="47" count="1" type="stmt"/>
            <line num="48" count="1" type="stmt"/>
            <line num="49" count="1" type="stmt"/>
            <line num="51" count="1" type="stmt"/>
            <line num="52" count="1" type="stmt"/>
            <line num="53" count="1" type="stmt"/>
            <line num="54" count="1" type="stmt"/>
            <line num="55" count="1" type="stmt"/>
            <line num="56" count="1" type="stmt"/>
            <line num="58" count="1" type="stmt"/>
            <line num="60" count="1" type="stmt"/>
            <line num="61" count="1" type="stmt"/>
            <line num="62" count="1" type="stmt"/>
            <line num="63" count="1" type="stmt"/>
            <line num="64" count="1" type="stmt"/>
            <line num="65" count="1" type="stmt"/>
            <line num="66" count="1" type="stmt"/>
            <line num="67" count="1" type="stmt"/>
         </file>
         <file path="/home/xiaodong/ece651-sp20-xl346-battleship/src/test/java/edu/duke/xl346/battleship/TextPlayerTest.java" name="TextPlayerTest.java">
            <metrics coveredelements="71" coveredconditionals="4" complexity="10" loc="314" coveredmethods="7" methods="8" elements="77" classes="1" ncloc="113" statements="65" conditionals="4" coveredstatements="60"/>
            <class name="TextPlayerTest">
               <metrics coveredelements="71" coveredconditionals="4" complexity="10" coveredmethods="7" methods="8" elements="77" statements="65" conditionals="4" coveredstatements="60"/>
            </class>
            <line complexity="1" visibility="private" signature="createTextPlayer(String,int,int,String,OutputStream) : TextPlayer" num="19" count="8" type="method"/>
            <line num="20" count="8" type="stmt"/>
            <line num="21" count="8" type="stmt"/>
            <line num="22" count="8" type="stmt"/>
            <line num="23" count="8" type="stmt"/>
            <line num="24" count="8" type="stmt"/>
            <line complexity="1" visibility="private" signature="createTextPlayerV2(String,int,int,String,OutputStream) : TextPlayer" num="27" count="0" type="method"/>
            <line num="28" count="0" type="stmt"/>
            <line num="29" count="0" type="stmt"/>
            <line num="30" count="0" type="stmt"/>
            <line num="31" count="0" type="stmt"/>
            <line num="32" count="0" type="stmt"/>
            <line complexity="2" visibility="package" signature="test_read_placement() : void" num="35" count="1" type="method"/>
            <line num="37" count="1" type="stmt"/>
            <line num="38" count="1" type="stmt"/>
            <line num="39" count="1" type="stmt"/>
            <line num="40" count="1" type="stmt"/>
            <line num="41" count="1" type="stmt"/>
            <line num="42" count="1" type="stmt"/>
            <line num="43" count="1" type="stmt"/>
            <line num="44" count="1" type="stmt"/>
            <line falsecount="1" truecount="3" num="44" type="cond"/>
            <line num="45" count="3" type="stmt"/>
            <line num="46" count="3" type="stmt"/>
            <line num="47" count="3" type="stmt"/>
            <line num="48" count="3" type="stmt"/>
            <line num="50" count="1" type="stmt"/>
            <line num="51" count="1" type="stmt"/>
            <line complexity="1" visibility="package" signature="test_read_coordinate() : void" num="54" count="1" type="method"/>
            <line num="56" count="1" type="stmt"/>
            <line num="57" count="1" type="stmt"/>
            <line num="59" count="1" type="stmt"/>
            <line num="60" count="1" type="stmt"/>
            <line num="61" count="1" type="stmt"/>
            <line num="63" count="1" type="stmt"/>
            <line num="64" count="1" type="stmt"/>
            <line num="65" count="1" type="stmt"/>
            <line num="66" count="1" type="stmt"/>
            <line num="67" count="1" type="stmt"/>
            <line complexity="2" visibility="package" signature="test_doOnePlacement_normal() : void" num="70" count="1" type="method"/>
            <line num="72" count="1" type="stmt"/>
            <line num="73" count="1" type="stmt"/>
            <line num="74" count="1" type="stmt"/>
            <line num="75" count="1" type="stmt"/>
            <line num="76" count="1" type="stmt"/>
            <line num="77" count="1" type="stmt"/>
            <line num="78" count="1" type="stmt"/>
            <line num="79" count="1" type="stmt"/>
            <line num="80" count="1" type="stmt"/>
            <line falsecount="1" truecount="3" num="80" type="cond"/>
            <line num="81" count="3" type="stmt"/>
            <line num="84" count="1" type="stmt"/>
            <line complexity="1" visibility="package" signature="test_do_one_placements_BadPlacementString() : void" num="89" count="1" type="method"/>
            <line num="91" count="1" type="stmt"/>
            <line num="92" count="1" type="stmt"/>
            <line num="93" count="1" type="stmt"/>
            <line num="94" count="1" type="stmt"/>
            <line num="95" count="1" type="stmt"/>
            <line num="101" count="1" type="stmt"/>
            <line complexity="1" visibility="package" signature="test_do_one_placements_BadPlacementLocation() : void" num="104" count="1" type="method"/>
            <line num="106" count="1" type="stmt"/>
            <line num="107" count="1" type="stmt"/>
            <line num="108" count="1" type="stmt"/>
            <line num="109" count="1" type="stmt"/>
            <line num="110" count="1" type="stmt"/>
            <line num="115" count="1" type="stmt"/>
            <line complexity="1" visibility="public" signature="test_ifHasLost() : void" num="193" count="1" type="method"/>
            <line num="195" count="1" type="stmt"/>
            <line num="196" count="1" type="stmt"/>
            <line num="197" count="1" type="stmt"/>
            <line num="198" count="1" type="stmt"/>
            <line num="199" count="1" type="stmt"/>
            <line num="200" count="1" type="stmt"/>
            <line num="201" count="1" type="stmt"/>
            <line num="202" count="1" type="stmt"/>
         </file>
         <file path="/home/xiaodong/ece651-sp20-xl346-battleship/src/test/java/edu/duke/xl346/battleship/V1ShipFactoryTest.java" name="V1ShipFactoryTest.java">
            <metrics coveredelements="20" coveredconditionals="0" complexity="2" loc="49" coveredmethods="2" methods="2" elements="20" classes="1" ncloc="31" statements="18" conditionals="0" coveredstatements="18"/>
            <class name="V1ShipFactoryTest">
               <metrics coveredelements="20" coveredconditionals="0" complexity="2" coveredmethods="2" methods="2" elements="20" statements="18" conditionals="0" coveredstatements="18"/>
            </class>
            <line complexity="1" visibility="private" signature="checkShip(Ship&lt;Character&gt;,String,char,Coordinate) : void" num="8" count="5" type="method"/>
            <line num="10" count="5" type="stmt"/>
            <line num="11" count="5" type="stmt"/>
            <line num="12" count="17" type="stmt"/>
            <line complexity="1" visibility="public" signature="test_makeShip() : void" num="15" count="1" type="method"/>
            <line num="17" count="1" type="stmt"/>
            <line num="18" count="1" type="stmt"/>
            <line num="19" count="1" type="stmt"/>
            <line num="20" count="1" type="stmt"/>
            <line num="21" count="1" type="stmt"/>
            <line num="22" count="1" type="stmt"/>
            <line num="23" count="1" type="stmt"/>
            <line num="24" count="1" type="stmt"/>
            <line num="25" count="1" type="stmt"/>
            <line num="27" count="1" type="stmt"/>
            <line num="30" count="1" type="stmt"/>
            <line num="31" count="1" type="stmt"/>
            <line num="32" count="1" type="stmt"/>
            <line num="34" count="1" type="stmt"/>
            <line num="35" count="1" type="stmt"/>
         </file>
         <file path="/home/xiaodong/ece651-sp20-xl346-battleship/src/test/java/edu/duke/xl346/battleship/PlacementTest.java" name="PlacementTest.java">
            <metrics coveredelements="29" coveredconditionals="0" complexity="5" loc="62" coveredmethods="5" methods="5" elements="29" classes="1" ncloc="44" statements="24" conditionals="0" coveredstatements="24"/>
            <class name="PlacementTest">
               <metrics coveredelements="29" coveredconditionals="0" complexity="5" coveredmethods="5" methods="5" elements="29" statements="24" conditionals="0" coveredstatements="24"/>
            </class>
            <line complexity="1" visibility="public" signature="test_equals() : void" num="8" count="1" type="method"/>
            <line num="10" count="1" type="stmt"/>
            <line num="11" count="1" type="stmt"/>
            <line num="12" count="1" type="stmt"/>
            <line num="13" count="1" type="stmt"/>
            <line num="14" count="1" type="stmt"/>
            <line num="15" count="1" type="stmt"/>
            <line num="16" count="1" type="stmt"/>
            <line num="17" count="1" type="stmt"/>
            <line complexity="1" visibility="public" signature="test_hashCode() : void" num="19" count="1" type="method"/>
            <line num="21" count="1" type="stmt"/>
            <line num="22" count="1" type="stmt"/>
            <line num="23" count="1" type="stmt"/>
            <line num="24" count="1" type="stmt"/>
            <line num="25" count="1" type="stmt"/>
            <line complexity="1" visibility="public" signature="test_string_constructor_cases() : void" num="27" count="1" type="method"/>
            <line num="29" count="1" type="stmt"/>
            <line num="30" count="1" type="stmt"/>
            <line num="31" count="1" type="stmt"/>
            <line num="32" count="1" type="stmt"/>
            <line num="33" count="1" type="stmt"/>
            <line complexity="1" visibility="public" signature="test_getter() : void" num="36" count="1" type="method"/>
            <line num="38" count="1" type="stmt"/>
            <line num="39" count="1" type="stmt"/>
            <line num="40" count="1" type="stmt"/>
            <line complexity="1" visibility="public" signature="test_placement_constructor_error_cases() : void" num="43" count="1" type="method"/>
            <line num="45" count="1" type="stmt"/>
            <line num="46" count="1" type="stmt"/>
            <line num="47" count="1" type="stmt"/>
         </file>
         <file path="/home/xiaodong/ece651-sp20-xl346-battleship/src/test/java/edu/duke/xl346/battleship/InBoundsRuleCheckerTest.java" name="InBoundsRuleCheckerTest.java">
            <metrics coveredelements="23" coveredconditionals="0" complexity="1" loc="67" coveredmethods="1" methods="1" elements="23" classes="1" ncloc="30" statements="22" conditionals="0" coveredstatements="22"/>
            <class name="InBoundsRuleCheckerTest">
               <metrics coveredelements="23" coveredconditionals="0" complexity="1" coveredmethods="1" methods="1" elements="23" statements="22" conditionals="0" coveredstatements="22"/>
            </class>
            <line complexity="1" visibility="public" signature="test_checkMyRule() : void" num="8" count="1" type="method"/>
            <line num="10" count="1" type="stmt"/>
            <line num="13" count="1" type="stmt"/>
            <line num="14" count="1" type="stmt"/>
            <line num="15" count="1" type="stmt"/>
            <line num="17" count="1" type="stmt"/>
            <line num="18" count="1" type="stmt"/>
            <line num="19" count="1" type="stmt"/>
            <line num="21" count="1" type="stmt"/>
            <line num="22" count="1" type="stmt"/>
            <line num="23" count="1" type="stmt"/>
            <line num="25" count="1" type="stmt"/>
            <line num="26" count="1" type="stmt"/>
            <line num="27" count="1" type="stmt"/>
            <line num="29" count="1" type="stmt"/>
            <line num="30" count="1" type="stmt"/>
            <line num="31" count="1" type="stmt"/>
            <line num="33" count="1" type="stmt"/>
            <line num="34" count="1" type="stmt"/>
            <line num="35" count="1" type="stmt"/>
            <line num="36" count="1" type="stmt"/>
            <line num="37" count="1" type="stmt"/>
            <line num="38" count="1" type="stmt"/>
         </file>
      </package>
   </project>
   <testproject name="battleship" timestamp="1617178381378">
      <metrics coveredelements="0" complexity="0" loc="0" methods="0" classes="0" statements="0" packages="0" coveredconditionals="0" coveredmethods="0" elements="0" ncloc="0" files="0" conditionals="0" coveredstatements="0"/>
   </testproject>
</coverage>